Tue Jul 13 12:33:40 BRT 2021
MaxEnt version 3.4.1
Reading file Back_swd.csv
readGrid: max memory 477626368, total allocated 257425408, free 243894608, used 13530800, increment 13530800
Reading samples from Sp_swd.csv
Read samples: max memory 477626368, total allocated 257425408, free 227214560, used 30210848, increment 16680048
Making features
makeFeatures: max memory 477626368, total allocated 257425408, free 227214560, used 30210848, increment 0
Command line used:  environmentallayers=subsecundum/models/subsecundum/m_39642648/Back_swd.csv samplesfile=subsecundum/models/subsecundum/m_39642648/Sp_swd.csv projectionlayers=subsecundum/models/subsecundum/m_39642648/Predictions/Pred_swd.csv outputdirectory=subsecundum/models/subsecundum/subsecundum_PA1_RUN8_MAXENT.Phillips_outputs outputformat=logistic redoifexists visible=FALSE linear=TRUE quadratic=TRUE product=FALSE threshold=FALSE hinge=FALSE lq2lqptthreshold=80 l2lqthreshold=10 hingethreshold=15 beta_threshold=-1 beta_categorical=-1 beta_lqp=-1 beta_hinge=-1 betamultiplier=0.5 defaultprevalence=0.5 autorun nowarnings notooltips noaddsamplestobackground
Command line to repeat: java density.MaxEnt nowarnings noprefixes outputformat=logistic outputdirectory=subsecundum/models/subsecundum/subsecundum_PA1_RUN8_MAXENT.Phillips_outputs projectionlayers=subsecundum/models/subsecundum/m_39642648/Predictions/Pred_swd.csv samplesfile=subsecundum/models/subsecundum/m_39642648/Sp_swd.csv environmentallayers=subsecundum/models/subsecundum/m_39642648/Back_swd.csv nowarnings notooltips noaskoverwrite betamultiplier=0.5 noproduct nohinge noaddsamplestobackground autorun novisible
Species: subsecundum_PA1_RUN8
Layers: wc2.1_30s_bio_15 wc2.1_30s_bio_4 wc2.1_30s_bio_9
Layertypes: Continuous Continuous Continuous
outputformat: logistic
outputdirectory: subsecundum/models/subsecundum/subsecundum_PA1_RUN8_MAXENT.Phillips_outputs
projectionlayers: subsecundum/models/subsecundum/m_39642648/Predictions/Pred_swd.csv
samplesfile: subsecundum/models/subsecundum/m_39642648/Sp_swd.csv
environmentallayers: subsecundum/models/subsecundum/m_39642648/Back_swd.csv
warnings: false
tooltips: false
askoverwrite: false
betamultiplier: 0.5
product: false
hinge: false
addsamplestobackground: false
autorun: true
visible: false

getSamples: max memory 477626368, total allocated 257425408, free 227214560, used 30210848, increment 0
subsecundum_PA1_RUN8: 
Regularization values: linear/quadratic/product: 0.327, categorical: 0.250, threshold: 1.740, hinge: 0.500
26 samples
Density: max memory 477626368, total allocated 257425408, free 227214560, used 30210848, increment 0
linearPredictor: max memory 477626368, total allocated 257425408, free 227214560, used 30210848, increment 0
FeaturedSpace: max memory 477626368, total allocated 257425408, free 227214560, used 30210848, increment 0
Sequential: max memory 477626368, total allocated 257425408, free 225864176, used 31561232, increment 1350384
Initial loss: 8.85366542803745
220: time = 0,131000 loss = 6,676265
Resulting gain: 2.177400578714855
Projecting...
Writing file subsecundum\models\subsecundum\subsecundum_PA1_RUN8_MAXENT.Phillips_outputs\subsecundum_PA1_RUN8.csv
Projecting...
Reading file Pred_swd.csv
readGrid: max memory 477626368, total allocated 257425408, free 192417720, used 65007688, increment 33446456
Writing file subsecundum\models\subsecundum\subsecundum_PA1_RUN8_MAXENT.Phillips_outputs\subsecundum_PA1_RUN8_Pred_swd.csv
Writing file subsecundum\models\subsecundum\subsecundum_PA1_RUN8_MAXENT.Phillips_outputs\subsecundum_PA1_RUN8_Pred_swd_clamping.csv
Ending
