\BOOKMARK [1][-]{section*.1}{\376\377\000R\000e\000s\000u\000m\000o}{}% 1
\BOOKMARK [1][-]{section*.3}{\376\377\0001\000.\000\040\000I\000n\000t\000r\000o\000d\000u\000\347\000\343\000o}{}% 2
\BOOKMARK [1][-]{section*.4}{\376\377\0001\000.\000\040\000F\000u\000n\000d\000a\000m\000e\000n\000t\000a\000\347\000\343\000o\000\040\000t\000e\000\363\000r\000i\000c\000a}{}% 3
\BOOKMARK [2][-]{section*.5}{\376\377\0001\000.\0001\000\040\000M\000u\000d\000a\000n\000\347\000a\000s\000\040\000c\000l\000i\000m\000\341\000t\000i\000c\000a\000s\000,\000\040\000a\000l\000t\000e\000r\000a\000\347\000\343\000o\000\040\000n\000a\000\040\000d\000i\000s\000t\000r\000i\000b\000u\000i\000\347\000\343\000o\000\040\000d\000e\000\040\000e\000s\000p\000\351\000c\000i\000e\000s\000\040\000e\000\040\000m\000i\000s\000m\000a\000t\000c\000h\000\040\000e\000s\000p\000a\000c\000i\000a\000l}{section*.4}% 4
\BOOKMARK [2][-]{section*.6}{\376\377\0001\000.\0002\000\040\000M\000o\000d\000e\000l\000o\000s\000\040\000d\000e\000\040\000D\000i\000s\000t\000r\000i\000b\000u\000i\000\347\000\343\000o\000\040\000d\000e\000\040\000E\000s\000p\000\351\000c\000i\000e\000s\000\040\000\050\000M\000D\000E\000s\000\051}{section*.4}% 5
\BOOKMARK [1][-]{section*.7}{\376\377\0002\000.\000\040\000M\000a\000t\000e\000r\000i\000a\000i\000s\000\040\000e\000\040\000m\000\351\000t\000o\000d\000o\000s}{}% 6
\BOOKMARK [2][-]{section*.8}{\376\377\0002\000.\0001\000\040\000E\000s\000p\000\351\000c\000i\000e\000s}{section*.7}% 7
\BOOKMARK [2][-]{section*.9}{\376\377\0002\000.\0002\000\040\000O\000c\000o\000r\000r\000\352\000n\000c\000i\000a\000s}{section*.7}% 8
\BOOKMARK [2][-]{section*.10}{\376\377\0002\000.\0003\000\040\000D\000a\000d\000o\000s\000\040\000a\000m\000b\000i\000e\000n\000t\000a\000i\000s}{section*.7}% 9
\BOOKMARK [2][-]{section*.11}{\376\377\0002\000.\0004\000\040\000M\000o\000d\000e\000l\000o\000\040\000d\000e\000\040\000D\000i\000s\000t\000r\000i\000b\000u\000i\000\347\000\343\000o\000\040\000P\000o\000t\000e\000n\000c\000i\000a\000l}{section*.7}% 10
\BOOKMARK [2][-]{section*.12}{\376\377\0002\000.\0005\000\040\000E\000s\000t\000i\000m\000a\000t\000i\000v\000a\000\040\000d\000a\000\040\000s\000o\000b\000r\000e\000p\000o\000s\000i\000\347\000\343\000o\000\040\000e\000\040\000m\000i\000s\000m\000a\000t\000c\000h\000\040\000e\000s\000p\000a\000c\000i\000a\000l}{section*.7}% 11
\BOOKMARK [2][-]{section*.13}{\376\377\0002\000.\0006\000\040\000E\000t\000a\000p\000a\000s\000\040\000d\000o\000\040\000p\000r\000o\000j\000e\000t\000o}{section*.7}% 12
\BOOKMARK [2][-]{section*.14}{\376\377\0002\000.\0007\000\040\000R\000e\000p\000o\000s\000i\000t\000\363\000r\000i\000o\000\040\000d\000o\000s\000\040\000c\000\363\000d\000i\000g\000o\000s\000\040\000e\000\040\000d\000a\000d\000o\000s}{section*.7}% 13
\BOOKMARK [1][-]{section*.15}{\376\377\000R\000e\000s\000u\000l\000t\000a\000d\000o\000s}{}% 14
\BOOKMARK [1][-]{section*.16}{\376\377\000C\000o\000n\000c\000l\000u\000s\000\343\000o}{}% 15
\BOOKMARK [1][-]{section*.17}{\376\377\000A\000p\000\352\000n\000d\000i\000c\000e}{}% 16
\BOOKMARK [2][-]{section*.18}{\376\377\000T\000a\000b\000e\000l\000a\000s}{section*.17}% 17
\BOOKMARK [2][-]{section*.19}{\376\377\000F\000i\000g\000u\000r\000a\000s}{section*.17}% 18
\BOOKMARK [2][-]{section*.20}{\376\377\000C\000\363\000d\000i\000g\000o\000\040\000e\000m\000\040\000R}{section*.17}% 19
\BOOKMARK [1][-]{section*.21}{\376\377\000R\000e\000f\000e\000r\000\352\000n\000c\000i\000a\000s}{}% 20
